[debug] [2022-04-23T09:47:53.065Z] ----------------------------------------------------------------------
[debug] [2022-04-23T09:47:53.068Z] Command:       C:\Program Files\nodejs\node.exe C:\Users\chinnu\AppData\Roaming\npm\node_modules\firebase-tools\lib\bin\firebase.js init
[debug] [2022-04-23T09:47:53.069Z] CLI Version:   10.6.0
[debug] [2022-04-23T09:47:53.069Z] Platform:      win32
[debug] [2022-04-23T09:47:53.069Z] Node Version:  v16.13.2
[debug] [2022-04-23T09:47:53.070Z] Time:          Sat Apr 23 2022 15:17:53 GMT+0530 (India Standard Time)
[debug] [2022-04-23T09:47:53.071Z] ----------------------------------------------------------------------
[debug] 
[debug] [2022-04-23T09:47:53.078Z] > command requires scopes: ["email","openid","https://www.googleapis.com/auth/cloudplatformprojects.readonly","https://www.googleapis.com/auth/firebase","https://www.googleapis.com/auth/cloud-platform"]
[debug] [2022-04-23T09:47:53.079Z] > authorizing via signed-in user (naveen8185922062@gmail.com)
[info] 
     ######## #### ########  ######## ########     ###     ######  ########
     ##        ##  ##     ## ##       ##     ##  ##   ##  ##       ##
     ######    ##  ########  ######   ########  #########  ######  ######
     ##        ##  ##    ##  ##       ##     ## ##     ##       ## ##
     ##       #### ##     ## ######## ########  ##     ##  ######  ########

You're about to initialize a Firebase project in this directory:

  D:\programing\react-projects\displus-clone

[info] 
=== Project Setup
[info] 
[info] First, let's associate this project directory with a Firebase project.
[info] You can create multiple project aliases by running firebase use --add, 
[info] but for now we'll just set up a default project.
[info] 
[debug] [2022-04-23T09:48:04.958Z] >>> [apiv2][query] GET https://firebase.googleapis.com/v1beta1/projects pageSize=100
[debug] [2022-04-23T09:48:05.937Z] <<< [apiv2][status] GET https://firebase.googleapis.com/v1beta1/projects 200
[debug] [2022-04-23T09:48:05.937Z] <<< [apiv2][body] GET https://firebase.googleapis.com/v1beta1/projects [omitted]
[debug] [2022-04-23T09:49:12.492Z] ----------------------------------------------------------------------
[debug] [2022-04-23T09:49:12.494Z] Command:       C:\Program Files\nodejs\node.exe C:\Users\chinnu\AppData\Roaming\npm\node_modules\firebase-tools\lib\bin\firebase.js init
[debug] [2022-04-23T09:49:12.494Z] CLI Version:   10.6.0
[debug] [2022-04-23T09:49:12.494Z] Platform:      win32
[debug] [2022-04-23T09:49:12.494Z] Node Version:  v16.13.2
[debug] [2022-04-23T09:49:12.495Z] Time:          Sat Apr 23 2022 15:19:12 GMT+0530 (India Standard Time)
[debug] [2022-04-23T09:49:12.496Z] ----------------------------------------------------------------------
[debug] 
[debug] [2022-04-23T09:49:12.503Z] > command requires scopes: ["email","openid","https://www.googleapis.com/auth/cloudplatformprojects.readonly","https://www.googleapis.com/auth/firebase","https://www.googleapis.com/auth/cloud-platform"]
[debug] [2022-04-23T09:49:12.504Z] > authorizing via signed-in user (naveen8185922062@gmail.com)
[info] 
     ######## #### ########  ######## ########     ###     ######  ########
     ##        ##  ##     ## ##       ##     ##  ##   ##  ##       ##
     ######    ##  ########  ######   ########  #########  ######  ######
     ##        ##  ##    ##  ##       ##     ## ##     ##       ## ##
     ##       #### ##     ## ######## ########  ##     ##  ######  ########

You're about to initialize a Firebase project in this directory:

  D:\programing\react-projects\displus-clone

[info] 
=== Project Setup
[info] 
[info] First, let's associate this project directory with a Firebase project.
[info] You can create multiple project aliases by running firebase use --add, 
[info] but for now we'll just set up a default project.
[info] 
[debug] [2022-04-23T09:49:23.572Z] >>> [apiv2][query] GET https://firebase.googleapis.com/v1beta1/projects pageSize=100
[debug] [2022-04-23T09:49:24.293Z] <<< [apiv2][status] GET https://firebase.googleapis.com/v1beta1/projects 200
[debug] [2022-04-23T09:49:24.294Z] <<< [apiv2][body] GET https://firebase.googleapis.com/v1beta1/projects [omitted]
[info] i  Using project authentication-adea4 (hotstar-clone) 
[info] 
=== Hosting Setup
[info] 
[info] Your public directory is the folder (relative to your project directory) that
[info] will contain Hosting assets to be uploaded with firebase deploy. If you
[info] have a build process for your assets, use your build's output directory.
[info] 
[debug] [2022-04-23T09:49:47.787Z] >>> [apiv2][query] GET https://www.gstatic.com/firebasejs/releases.json [none]
[debug] [2022-04-23T09:49:47.988Z] <<< [apiv2][status] GET https://www.gstatic.com/firebasejs/releases.json 200
[debug] [2022-04-23T09:49:47.988Z] <<< [apiv2][body] GET https://www.gstatic.com/firebasejs/releases.json {"current":{"version":"9.6.11","browserURL":"https://www.gstatic.com/firebasejs/9.6.11/firebase.js","packageURL":"https://www.gstatic.com/firebasejs/9.6.11/firebase.tgz"},"live":{"version":"9.6","browserURL":"https://www.gstatic.com/firebasejs/live/9.6/firebase.js","packageURL":"https://www.gstatic.com/firebasejs/live/9.6/firebase.tgz"},"components":{"analytics":"https://www.gstatic.com/firebasejs/9.6.11/firebase-analytics.js","app":"https://www.gstatic.com/firebasejs/9.6.11/firebase-app.js","app-check":"https://www.gstatic.com/firebasejs/9.6.11/firebase-app-check.js","auth":"https://www.gstatic.com/firebasejs/9.6.11/firebase-auth.js","auth/cordova":"https://www.gstatic.com/firebasejs/9.6.11/firebase-auth/cordova.js","auth/react-native":"https://www.gstatic.com/firebasejs/9.6.11/firebase-auth/react-native.js","functions":"https://www.gstatic.com/firebasejs/9.6.11/firebase-functions.js","firestore":"https://www.gstatic.com/firebasejs/9.6.11/firebase-firestore.js","firestore/lite":"https://www.gstatic.com/firebasejs/9.6.11/firebase-firestore/lite.js","storage":"https://www.gstatic.com/firebasejs/9.6.11/firebase-storage.js","performance":"https://www.gstatic.com/firebasejs/9.6.11/firebase-performance.js","remote-config":"https://www.gstatic.com/firebasejs/9.6.11/firebase-remote-config.js","messaging":"https://www.gstatic.com/firebasejs/9.6.11/firebase-messaging.js","messaging/sw":"https://www.gstatic.com/firebasejs/9.6.11/firebase-messaging/sw.js","database":"https://www.gstatic.com/firebasejs/9.6.11/firebase-database.js","firestore.memory":"https://www.gstatic.com/firebasejs/9.6.11/firebase-firestore.memory.js"}}
[info] +  Wrote build/index.html 
[info] 
[info] i  Detected a .git folder at D:\programing\react-projects\displus-clone 
[info] i  Authorizing with GitHub to upload your service account to a GitHub repository's secrets store. 
[info] 
[info] Visit this URL on this device to log in:
[info] https://github.com/login/oauth/authorize?client_id=89cf50f02ac6aaed3484&state=633249583&redirect_uri=http%3A%2F%2Flocalhost%3A9005&scope=read%3Auser%20repo%20public_repo
[info] 
[info] Waiting for authentication...
[debug] [2022-04-23T09:49:57.078Z] >>> HTTP REQUEST POST https://github.com/login/oauth/access_token  
 {"client_id":"89cf50f02ac6aaed3484","client_secret":"3330d14abc895d9a74d5f17cd7a00711fa2c5bf0","code":"796e9c27399224685fb6","redirect_uri":"http://localhost:9005","state":"633249583"}
[debug] [2022-04-23T09:49:57.451Z] <<< HTTP RESPONSE 200 {"server":"GitHub.com","date":"Sat, 23 Apr 2022 09:50:11 GMT","content-type":"application/json; charset=utf-8","transfer-encoding":"chunked","vary":"X-PJAX, X-PJAX-Container, Accept-Encoding, Accept, X-Requested-With","permissions-policy":"interest-cohort=()","etag":"W/\"bab81c5a38f89b16a175e0d967402a80\"","cache-control":"max-age=0, private, must-revalidate","strict-transport-security":"max-age=31536000; includeSubdomains; preload","x-frame-options":"deny","x-content-type-options":"nosniff","x-xss-protection":"0","referrer-policy":"origin-when-cross-origin, strict-origin-when-cross-origin","expect-ct":"max-age=2592000, report-uri=\"https://api.github.com/_private/browser/errors\"","content-security-policy":"default-src 'none'; base-uri 'self'; block-all-mixed-content; child-src github.com/assets-cdn/worker/ gist.github.com/assets-cdn/worker/; connect-src 'self' uploads.github.com objects-origin.githubusercontent.com www.githubstatus.com collector.github.com raw.githubusercontent.com api.github.com github-cloud.s3.amazonaws.com github-production-repository-file-5c1aeb.s3.amazonaws.com github-production-upload-manifest-file-7fdce7.s3.amazonaws.com github-production-user-asset-6210df.s3.amazonaws.com cdn.optimizely.com logx.optimizely.com/v1/events translator.github.com *.actions.githubusercontent.com wss://*.actions.githubusercontent.com online.visualstudio.com/api/v1/locations github-production-repository-image-32fea6.s3.amazonaws.com github-production-release-asset-2e65be.s3.amazonaws.com insights.github.com wss://alive.github.com; font-src github.githubassets.com; form-action 'self' github.com gist.github.com objects-origin.githubusercontent.com; frame-ancestors 'none'; frame-src render.githubusercontent.com viewscreen.githubusercontent.com notebooks.githubusercontent.com; img-src 'self' data: github.githubassets.com identicons.github.com github-cloud.s3.amazonaws.com secured-user-images.githubusercontent.com/ *.githubusercontent.com; manifest-src 'self'; media-src github.com user-images.githubusercontent.com/; script-src github.githubassets.com; style-src 'unsafe-inline' github.githubassets.com; worker-src github.com/assets-cdn/worker/ gist.github.com/assets-cdn/worker/","x-github-request-id":"C569:20C7:4D446D:66E0BE:6263CBD2"}
[debug] [2022-04-23T09:49:57.459Z] >>> [apiv2][query] GET https://api.github.com/user [none]
[debug] [2022-04-23T09:49:57.835Z] <<< [apiv2][status] GET https://api.github.com/user 200
[debug] [2022-04-23T09:49:57.836Z] <<< [apiv2][body] GET https://api.github.com/user {"login":"naveengoudk","id":98654623,"node_id":"U_kgDOBeFZnw","avatar_url":"https://avatars.githubusercontent.com/u/98654623?v=4","gravatar_id":"","url":"https://api.github.com/users/naveengoudk","html_url":"https://github.com/naveengoudk","followers_url":"https://api.github.com/users/naveengoudk/followers","following_url":"https://api.github.com/users/naveengoudk/following{/other_user}","gists_url":"https://api.github.com/users/naveengoudk/gists{/gist_id}","starred_url":"https://api.github.com/users/naveengoudk/starred{/owner}{/repo}","subscriptions_url":"https://api.github.com/users/naveengoudk/subscriptions","organizations_url":"https://api.github.com/users/naveengoudk/orgs","repos_url":"https://api.github.com/users/naveengoudk/repos","events_url":"https://api.github.com/users/naveengoudk/events{/privacy}","received_events_url":"https://api.github.com/users/naveengoudk/received_events","type":"User","site_admin":false,"name":null,"company":null,"blog":"","location":null,"email":null,"hireable":null,"bio":null,"twitter_username":null,"public_repos":5,"public_gists":0,"followers":0,"following":0,"created_at":"2022-01-29T15:24:39Z","updated_at":"2022-03-01T06:24:13Z","private_gists":0,"total_private_repos":1,"owned_private_repos":1,"disk_usage":29579,"collaborators":0,"two_factor_authentication":false,"plan":{"name":"free","space":976562499,"collaborators":0,"private_repos":10000}}
[info] 
[info] +  Success! Logged into GitHub as naveengoudk 
[info] 
[debug] [2022-04-23T09:50:51.186Z] >>> [apiv2][query] GET https://api.github.com/repos/user/actions/secrets/public-key type=owner
[debug] [2022-04-23T09:50:51.513Z] <<< [apiv2][status] GET https://api.github.com/repos/user/actions/secrets/public-key 404
[debug] [2022-04-23T09:50:51.513Z] <<< [apiv2][body] GET https://api.github.com/repos/user/actions/secrets/public-key {"message":"Not Found","documentation_url":"https://docs.github.com/rest"}
[debug] [2022-04-23T09:50:54.761Z] >>> [apiv2][query] GET https://api.github.com/repos/user/actions/secrets/public-key type=owner
[debug] [2022-04-23T09:50:55.075Z] <<< [apiv2][status] GET https://api.github.com/repos/user/actions/secrets/public-key 404
[debug] [2022-04-23T09:50:55.075Z] <<< [apiv2][body] GET https://api.github.com/repos/user/actions/secrets/public-key {"message":"Not Found","documentation_url":"https://docs.github.com/rest"}
[debug] [2022-04-23T09:52:19.603Z] >>> [apiv2][query] GET https://api.github.com/repos/naveen/disney-clone/actions/secrets/public-key type=owner
[debug] [2022-04-23T09:52:19.932Z] <<< [apiv2][status] GET https://api.github.com/repos/naveen/disney-clone/actions/secrets/public-key 404
[debug] [2022-04-23T09:52:19.932Z] <<< [apiv2][body] GET https://api.github.com/repos/naveen/disney-clone/actions/secrets/public-key {"message":"Not Found","documentation_url":"https://docs.github.com/rest/reference/actions#get-a-repository-public-key"}
[debug] [2022-04-23T09:53:13.112Z] >>> [apiv2][query] GET https://api.github.com/repos/https://github.com/naveengoudk/disney-clone.git/actions/secrets/public-key type=owner
[debug] [2022-04-23T09:53:13.419Z] <<< [apiv2][status] GET https://api.github.com/repos/https://github.com/naveengoudk/disney-clone.git/actions/secrets/public-key 404
[debug] [2022-04-23T09:53:13.419Z] <<< [apiv2][body] GET https://api.github.com/repos/https://github.com/naveengoudk/disney-clone.git/actions/secrets/public-key {"message":"Not Found","documentation_url":"https://docs.github.com/rest"}
[debug] [2022-04-23T09:53:14.072Z] >>> [apiv2][query] GET https://api.github.com/repos/https://github.com/naveengoudk/disney-clone.git/actions/secrets/public-key type=owner
[debug] [2022-04-23T09:53:14.379Z] <<< [apiv2][status] GET https://api.github.com/repos/https://github.com/naveengoudk/disney-clone.git/actions/secrets/public-key 404
[debug] [2022-04-23T09:53:14.379Z] <<< [apiv2][body] GET https://api.github.com/repos/https://github.com/naveengoudk/disney-clone.git/actions/secrets/public-key {"message":"Not Found","documentation_url":"https://docs.github.com/rest"}
